<?xml version="1.0" encoding="UTF-8"?>
<!-- Generated by org.testng.reporters.JUnitReportReporter -->
<testsuite skipped="0" hostname="SVH" name="d1.Sun" tests="2" failures="0" timestamp="27 Apr 2019 09:12:23 GMT" time="0.029" errors="0">
  <testcase name="ss" time="0.003" classname="d1.Sun"/>
  <testcase name="main" time="0.026" classname="d1.Sun"/>
</testsuite> <!-- d1.Sun -->
