<?xml version="1.0" encoding="UTF-8"?>
<!-- Generated by org.testng.reporters.JUnitReportReporter -->
<testsuite skipped="0" hostname="SVH" name="d1.Sun" tests="1" failures="0" timestamp="27 Apr 2019 11:25:53 GMT" time="9.256" errors="0">
  <testcase name="main" time="9.256" classname="d1.Sun"/>
</testsuite> <!-- d1.Sun -->
